  stdafx.cpp
  GLImage.cpp
  Linking With Geometry.dll.
E:\Processing_Project\DOMRectify2\DOMRectify\DOMSolution\include\GL/GLObjects.h(311): warning C4244: “=”: 从“double”转换到“float”，可能丢失数据
E:\Processing_Project\DOMRectify2\DOMRectify\DOMSolution\include\GL/GLObjects.h(311): warning C4244: “=”: 从“double”转换到“float”，可能丢失数据
E:\Processing_Project\DOMRectify2\DOMRectify\DOMSolution\include\GL/GLObjects.h(341): warning C4244: “=”: 从“double”转换到“float”，可能丢失数据
E:\Processing_Project\DOMRectify2\DOMRectify\DOMSolution\include\GL/GLObjects.h(341): warning C4244: “=”: 从“double”转换到“float”，可能丢失数据
E:\Processing_Project\DOMRectify2\DOMRectify\DOMSolution\include\GL/GLObjects.h(409): warning C4244: “=”: 从“double”转换到“float”，可能丢失数据
E:\Processing_Project\DOMRectify2\DOMRectify\DOMSolution\include\GL/GLObjects.h(409): warning C4244: “=”: 从“double”转换到“float”，可能丢失数据
E:\Processing_Project\DOMRectify2\DOMRectify\DOMSolution\include\GL/GLObjects.h(410): warning C4244: “=”: 从“double”转换到“float”，可能丢失数据
E:\Processing_Project\DOMRectify2\DOMRectify\DOMSolution\include\GL/GLObjects.h(410): warning C4244: “=”: 从“double”转换到“float”，可能丢失数据
E:\Processing_Project\DOMRectify2\DOMRectify\DOMSolution\include\GL/GLObjects.h(411): warning C4244: “=”: 从“double”转换到“float”，可能丢失数据
E:\Processing_Project\DOMRectify2\DOMRectify\DOMSolution\include\GL/GLObjects.h(411): warning C4244: “=”: 从“double”转换到“float”，可能丢失数据
E:\Processing_Project\DOMRectify2\DOMRectify\DOMSolution\include\GL/GLObjects.h(412): warning C4244: “=”: 从“double”转换到“float”，可能丢失数据
E:\Processing_Project\DOMRectify2\DOMRectify\DOMSolution\include\GL/GLObjects.h(412): warning C4244: “=”: 从“double”转换到“float”，可能丢失数据
E:\Processing_Project\DOMRectify2\DOMRectify\DOMSolution\include\GL/GLObjects.h(430): warning C4244: “=”: 从“double”转换到“float”，可能丢失数据
E:\Processing_Project\DOMRectify2\DOMRectify\DOMSolution\include\GL/GLObjects.h(430): warning C4244: “=”: 从“double”转换到“float”，可能丢失数据
E:\Processing_Project\DOMRectify2\DOMRectify\DOMSolution\include\GL/GLObjects.h(431): warning C4244: “=”: 从“double”转换到“float”，可能丢失数据
E:\Processing_Project\DOMRectify2\DOMRectify\DOMSolution\include\GL/GLObjects.h(431): warning C4244: “=”: 从“double”转换到“float”，可能丢失数据
E:\Processing_Project\DOMRectify2\DOMRectify\DOMSolution\include\GL/GLObjects.h(432): warning C4244: “=”: 从“double”转换到“float”，可能丢失数据
E:\Processing_Project\DOMRectify2\DOMRectify\DOMSolution\include\GL/GLObjects.h(432): warning C4244: “=”: 从“double”转换到“float”，可能丢失数据
E:\Processing_Project\DOMRectify2\DOMRectify\DOMSolution\include\GL/GLObjects.h(433): warning C4244: “=”: 从“double”转换到“float”，可能丢失数据
E:\Processing_Project\DOMRectify2\DOMRectify\DOMSolution\include\GL/GLObjects.h(433): warning C4244: “=”: 从“double”转换到“float”，可能丢失数据
E:\Processing_Project\DOMRectify2\DOMRectify\DOMSolution\include\GL/GLObjects.h(448): warning C4244: “=”: 从“double”转换到“float”，可能丢失数据
E:\Processing_Project\DOMRectify2\DOMRectify\DOMSolution\include\GL/GLObjects.h(448): warning C4244: “=”: 从“double”转换到“float”，可能丢失数据
E:\Processing_Project\DOMRectify2\DOMRectify\DOMSolution\include\GL/GLObjects.h(449): warning C4244: “=”: 从“double”转换到“float”，可能丢失数据
E:\Processing_Project\DOMRectify2\DOMRectify\DOMSolution\include\GL/GLObjects.h(449): warning C4244: “=”: 从“double”转换到“float”，可能丢失数据
E:\Processing_Project\DOMRectify2\DOMRectify\DOMSolution\include\GL/GLObjects.h(450): warning C4244: “=”: 从“double”转换到“float”，可能丢失数据
E:\Processing_Project\DOMRectify2\DOMRectify\DOMSolution\include\GL/GLObjects.h(450): warning C4244: “=”: 从“double”转换到“float”，可能丢失数据
E:\Processing_Project\DOMRectify2\DOMRectify\DOMSolution\include\GL/GLObjects.h(451): warning C4244: “=”: 从“double”转换到“float”，可能丢失数据
E:\Processing_Project\DOMRectify2\DOMRectify\DOMSolution\include\GL/GLObjects.h(451): warning C4244: “=”: 从“double”转换到“float”，可能丢失数据
E:\Processing_Project\DOMRectify2\DOMRectify\DOMSolution\include\GL/GLObjects.h(468): warning C4244: “=”: 从“const double”转换到“float”，可能丢失数据
E:\Processing_Project\DOMRectify2\DOMRectify\DOMSolution\include\GL/GLObjects.h(468): warning C4244: “=”: 从“const double”转换到“float”，可能丢失数据
E:\Processing_Project\DOMRectify2\DOMRectify\DOMSolution\include\GL/GLObjects.h(469): warning C4244: “=”: 从“const double”转换到“float”，可能丢失数据
E:\Processing_Project\DOMRectify2\DOMRectify\DOMSolution\include\GL/GLObjects.h(469): warning C4244: “=”: 从“const double”转换到“float”，可能丢失数据
E:\Processing_Project\DOMRectify2\DOMRectify\DOMSolution\include\GL/GLObjects.h(472): warning C4244: “=”: 从“const double”转换到“float”，可能丢失数据
E:\Processing_Project\DOMRectify2\DOMRectify\DOMSolution\include\GL/GLObjects.h(472): warning C4244: “=”: 从“const double”转换到“float”，可能丢失数据
E:\Processing_Project\DOMRectify2\DOMRectify\DOMSolution\include\GL/GLObjects.h(475): warning C4244: “=”: 从“const double”转换到“float”，可能丢失数据
E:\Processing_Project\DOMRectify2\DOMRectify\DOMSolution\include\GL/GLObjects.h(475): warning C4244: “=”: 从“const double”转换到“float”，可能丢失数据
E:\Processing_Project\DOMRectify2\DOMRectify\DOMSolution\include\GL/GLObjects.h(492): warning C4267: “初始化”: 从“size_t”转换到“int”，可能丢失数据
E:\Processing_Project\DOMRectify2\DOMRectify\DOMSolution\include\GL/GLObjects.h(501): warning C4244: “=”: 从“double”转换到“float”，可能丢失数据
E:\Processing_Project\DOMRectify2\DOMRectify\DOMSolution\include\GL/GLObjects.h(501): warning C4244: “=”: 从“double”转换到“float”，可能丢失数据
E:\Processing_Project\DOMRectify2\DOMRectify\DOMSolution\include\GL/GLObjects.h(501): warning C4244: “=”: 从“double”转换到“float”，可能丢失数据
E:\Processing_Project\DOMRectify2\DOMRectify\DOMSolution\include\GL/GLObjects.h(502): warning C4244: “=”: 从“double”转换到“float”，可能丢失数据
E:\Processing_Project\DOMRectify2\DOMRectify\DOMSolution\include\GL/GLObjects.h(502): warning C4244: “=”: 从“double”转换到“float”，可能丢失数据
E:\Processing_Project\DOMRectify2\DOMRectify\DOMSolution\include\GL/GLObjects.h(502): warning C4244: “=”: 从“double”转换到“float”，可能丢失数据
E:\Processing_Project\DOMRectify2\DOMRectify\DOMSolution\include\GL/GLObjects.h(503): warning C4244: “=”: 从“double”转换到“float”，可能丢失数据
E:\Processing_Project\DOMRectify2\DOMRectify\DOMSolution\include\GL/GLObjects.h(503): warning C4244: “=”: 从“double”转换到“float”，可能丢失数据
E:\Processing_Project\DOMRectify2\DOMRectify\DOMSolution\include\GL/GLObjects.h(503): warning C4244: “=”: 从“double”转换到“float”，可能丢失数据
E:\Processing_Project\DOMRectify2\DOMRectify\DOMSolution\include\GL/GLObjects.h(515): warning C4244: “初始化”: 从“const double”转换到“float”，可能丢失数据
E:\Processing_Project\DOMRectify2\DOMRectify\DOMSolution\include\GL/GLObjects.h(515): warning C4244: “初始化”: 从“const double”转换到“float”，可能丢失数据
E:\Processing_Project\DOMRectify2\DOMRectify\DOMSolution\include\GL/GLObjects.h(515): warning C4244: “初始化”: 从“const double”转换到“float”，可能丢失数据
E:\Processing_Project\DOMRectify2\DOMRectify\DOMSolution\include\GL/GLObjects.h(515): warning C4244: “初始化”: 从“const double”转换到“float”，可能丢失数据
E:\Processing_Project\DOMRectify2\DOMRectify\DOMSolution\include\GL/GLObjects.h(515): warning C4244: “初始化”: 从“const double”转换到“float”，可能丢失数据
E:\Processing_Project\DOMRectify2\DOMRectify\DOMSolution\include\GL/GLObjects.h(515): warning C4244: “初始化”: 从“const double”转换到“float”，可能丢失数据
E:\Processing_Project\DOMRectify2\DOMRectify\DOMSolution\include\GL/GLObjects.h(515): warning C4244: “初始化”: 从“const double”转换到“float”，可能丢失数据
E:\Processing_Project\DOMRectify2\DOMRectify\DOMSolution\include\GL/GLObjects.h(515): warning C4244: “初始化”: 从“const double”转换到“float”，可能丢失数据
E:\Processing_Project\DOMRectify2\DOMRectify\DOMSolution\include\GL/GLObjects.h(525): warning C4244: “初始化”: 从“double”转换到“float”，可能丢失数据
E:\Processing_Project\DOMRectify2\DOMRectify\DOMSolution\include\GL/GLObjects.h(525): warning C4244: “初始化”: 从“double”转换到“float”，可能丢失数据
E:\Processing_Project\DOMRectify2\DOMRectify\DOMSolution\include\GL/GLObjects.h(526): warning C4244: “初始化”: 从“double”转换到“float”，可能丢失数据
E:\Processing_Project\DOMRectify2\DOMRectify\DOMSolution\include\GL/GLObjects.h(526): warning C4244: “初始化”: 从“double”转换到“float”，可能丢失数据
E:\Processing_Project\DOMRectify2\DOMRectify\DOMSolution\include\GL/GLObjects.h(527): warning C4244: “初始化”: 从“double”转换到“float”，可能丢失数据
E:\Processing_Project\DOMRectify2\DOMRectify\DOMSolution\include\GL/GLObjects.h(527): warning C4244: “初始化”: 从“double”转换到“float”，可能丢失数据
E:\Processing_Project\DOMRectify2\DOMRectify\DOMSolution\include\GL/GLObjects.h(528): warning C4244: “初始化”: 从“double”转换到“float”，可能丢失数据
E:\Processing_Project\DOMRectify2\DOMRectify\DOMSolution\include\GL/GLObjects.h(528): warning C4244: “初始化”: 从“double”转换到“float”，可能丢失数据
E:\Processing_Project\DOMRectify2\DOMRectify\DOMSolution\include\GL/GLObjects.h(540): warning C4244: “初始化”: 从“double”转换到“float”，可能丢失数据
E:\Processing_Project\DOMRectify2\DOMRectify\DOMSolution\include\GL/GLObjects.h(540): warning C4244: “初始化”: 从“double”转换到“float”，可能丢失数据
E:\Processing_Project\DOMRectify2\DOMRectify\DOMSolution\include\GL/GLObjects.h(540): warning C4244: “初始化”: 从“double”转换到“float”，可能丢失数据
E:\Processing_Project\DOMRectify2\DOMRectify\DOMSolution\include\GL/GLObjects.h(541): warning C4244: “初始化”: 从“double”转换到“float”，可能丢失数据
E:\Processing_Project\DOMRectify2\DOMRectify\DOMSolution\include\GL/GLObjects.h(541): warning C4244: “初始化”: 从“double”转换到“float”，可能丢失数据
E:\Processing_Project\DOMRectify2\DOMRectify\DOMSolution\include\GL/GLObjects.h(541): warning C4244: “初始化”: 从“double”转换到“float”，可能丢失数据
E:\Processing_Project\DOMRectify2\DOMRectify\DOMSolution\include\GL/GLObjects.h(542): warning C4244: “初始化”: 从“double”转换到“float”，可能丢失数据
E:\Processing_Project\DOMRectify2\DOMRectify\DOMSolution\include\GL/GLObjects.h(542): warning C4244: “初始化”: 从“double”转换到“float”，可能丢失数据
E:\Processing_Project\DOMRectify2\DOMRectify\DOMSolution\include\GL/GLObjects.h(542): warning C4244: “初始化”: 从“double”转换到“float”，可能丢失数据
E:\Processing_Project\DOMRectify2\DOMRectify\DOMSolution\include\GL/GLObjects.h(543): warning C4244: “初始化”: 从“double”转换到“float”，可能丢失数据
E:\Processing_Project\DOMRectify2\DOMRectify\DOMSolution\include\GL/GLObjects.h(543): warning C4244: “初始化”: 从“double”转换到“float”，可能丢失数据
E:\Processing_Project\DOMRectify2\DOMRectify\DOMSolution\include\GL/GLObjects.h(543): warning C4244: “初始化”: 从“double”转换到“float”，可能丢失数据
E:\Processing_Project\DOMRectify2\DOMRectify\DOMSolution\include\GL/GLObjects.h(639): warning C4244: “初始化”: 从“double”转换到“float”，可能丢失数据
E:\Processing_Project\DOMRectify2\DOMRectify\DOMSolution\include\GL/GLObjects.h(639): warning C4244: “初始化”: 从“double”转换到“float”，可能丢失数据
E:\Processing_Project\DOMRectify2\DOMRectify\DOMSolution\include\GL/GLObjects.h(640): warning C4244: “初始化”: 从“double”转换到“float”，可能丢失数据
E:\Processing_Project\DOMRectify2\DOMRectify\DOMSolution\include\GL/GLObjects.h(640): warning C4244: “初始化”: 从“double”转换到“float”，可能丢失数据
E:\Processing_Project\DOMRectify2\DOMRectify\DOMSolution\include\GL/GLObjects.h(641): warning C4244: “初始化”: 从“double”转换到“float”，可能丢失数据
E:\Processing_Project\DOMRectify2\DOMRectify\DOMSolution\include\GL/GLObjects.h(641): warning C4244: “初始化”: 从“double”转换到“float”，可能丢失数据
E:\Processing_Project\DOMRectify2\DOMRectify\DOMSolution\include\GL/GLObjects.h(642): warning C4244: “初始化”: 从“double”转换到“float”，可能丢失数据
E:\Processing_Project\DOMRectify2\DOMRectify\DOMSolution\include\GL/GLObjects.h(642): warning C4244: “初始化”: 从“double”转换到“float”，可能丢失数据
E:\Processing_Project\DOMRectify2\DOMRectify\DOMSolution\include\GL/GLObjects.h(644): warning C4244: “参数”: 从“double”转换到“float”，可能丢失数据
E:\Processing_Project\DOMRectify2\DOMRectify\DOMSolution\include\GL/GLObjects.h(644): warning C4244: “参数”: 从“double”转换到“float”，可能丢失数据
E:\Processing_Project\DOMRectify2\DOMRectify\DOMSolution\include\GL/GLObjects.h(645): warning C4244: “参数”: 从“double”转换到“float”，可能丢失数据
E:\Processing_Project\DOMRectify2\DOMRectify\DOMSolution\include\GL/GLObjects.h(645): warning C4244: “参数”: 从“double”转换到“float”，可能丢失数据
  Linking With Geometry.dll.
  Linking With Geometry.dll.
  Linking With Geometry.dll.
E:\Processing_Project\DOMRectify2\DOMRectify\DOMSolution\include\ColorTable.h(24): warning C4996: 'fopen': This function or variable may be unsafe. Consider using fopen_s instead. To disable deprecation, use _CRT_SECURE_NO_WARNINGS. See online help for details.
          C:\Program Files (x86)\Microsoft Visual Studio 10.0\VC\include\stdio.h(234) : 参见“fopen”的声明
E:\Processing_Project\DOMRectify2\DOMRectify\DOMSolution\include\ColorTable.h(33): warning C4996: 'fscanf': This function or variable may be unsafe. Consider using fscanf_s instead. To disable deprecation, use _CRT_SECURE_NO_WARNINGS. See online help for details.
          C:\Program Files (x86)\Microsoft Visual Studio 10.0\VC\include\stdio.h(253) : 参见“fscanf”的声明
E:\Processing_Project\DOMRectify2\DOMRectify\DOMSolution\include\ColorTable.h(40): warning C4996: 'fscanf': This function or variable may be unsafe. Consider using fscanf_s instead. To disable deprecation, use _CRT_SECURE_NO_WARNINGS. See online help for details.
          C:\Program Files (x86)\Microsoft Visual Studio 10.0\VC\include\stdio.h(253) : 参见“fscanf”的声明
E:\Processing_Project\DOMRectify2\DOMRectify\DOMSolution\include\ColorTable.h(47): warning C4996: 'fscanf': This function or variable may be unsafe. Consider using fscanf_s instead. To disable deprecation, use _CRT_SECURE_NO_WARNINGS. See online help for details.
          C:\Program Files (x86)\Microsoft Visual Studio 10.0\VC\include\stdio.h(253) : 参见“fscanf”的声明
E:\Processing_Project\DOMRectify2\DOMRectify\DOMSolution\include\ColorTable.h(65): warning C4996: 'fopen': This function or variable may be unsafe. Consider using fopen_s instead. To disable deprecation, use _CRT_SECURE_NO_WARNINGS. See online help for details.
          C:\Program Files (x86)\Microsoft Visual Studio 10.0\VC\include\stdio.h(234) : 参见“fopen”的声明
E:\Processing_Project\DOMRectify2\DOMRectify\DOMSolution\include\ColorTable.h(146): warning C4244: “+=”: 从“LONGLONG”转换到“int”，可能丢失数据
E:\Processing_Project\DOMRectify2\DOMRectify\DOMSolution\include\ColorTable.h(150): warning C4244: “+=”: 从“LONGLONG”转换到“int”，可能丢失数据
E:\Processing_Project\DOMRectify2\DOMRectify\DOMSolution\include\ColorTable.h(190): warning C4244: “=”: 从“unsigned short”转换到“unsigned char”，可能丢失数据
E:\Processing_Project\DOMRectify2\DOMRectify\DOMSolution\include\ColorTable.h(199): warning C4244: “=”: 从“unsigned short”转换到“unsigned char”，可能丢失数据
E:\Processing_Project\DOMRectify2\DOMRectify\DOMSolution\include\ColorTable.h(247): warning C4244: “=”: 从“unsigned short”转换到“unsigned char”，可能丢失数据
GLImage.cpp(102): warning C4482: 使用了非标准扩展: 限定名中使用了枚举“CPLErr”
GLImage.cpp(121): warning C4244: “初始化”: 从“double”转换到“int”，可能丢失数据
GLImage.cpp(137): warning C4244: “初始化”: 从“double”转换到“int”，可能丢失数据
GLImage.cpp(226): warning C4244: “初始化”: 从“double”转换到“int”，可能丢失数据
GLImage.cpp(242): warning C4244: “初始化”: 从“double”转换到“int”，可能丢失数据
GLImage.cpp(297): warning C4267: “初始化”: 从“size_t”转换到“int”，可能丢失数据
GLImage.cpp(342): warning C4244: “=”: 从“double”转换到“int”，可能丢失数据
GLImage.cpp(351): warning C4244: “=”: 从“double”转换到“int”，可能丢失数据
GLImage.cpp(353): warning C4244: “参数”: 从“double”转换到“int”，可能丢失数据
GLImage.cpp(353): warning C4244: “参数”: 从“double”转换到“int”，可能丢失数据
GLImage.cpp(402): warning C4244: “初始化”: 从“double”转换到“float”，可能丢失数据
GLImage.cpp(402): warning C4244: “初始化”: 从“double”转换到“float”，可能丢失数据
GLImage.cpp(402): warning C4244: “初始化”: 从“int”转换到“float”，可能丢失数据
GLImage.cpp(403): warning C4244: “初始化”: 从“double”转换到“float”，可能丢失数据
GLImage.cpp(403): warning C4244: “初始化”: 从“double”转换到“float”，可能丢失数据
GLImage.cpp(403): warning C4244: “初始化”: 从“int”转换到“float”，可能丢失数据
GLImage.cpp(404): warning C4244: “初始化”: 从“double”转换到“float”，可能丢失数据
GLImage.cpp(404): warning C4244: “初始化”: 从“double”转换到“float”，可能丢失数据
GLImage.cpp(404): warning C4244: “初始化”: 从“int”转换到“float”，可能丢失数据
GLImage.cpp(405): warning C4244: “初始化”: 从“double”转换到“float”，可能丢失数据
GLImage.cpp(405): warning C4244: “初始化”: 从“double”转换到“float”，可能丢失数据
GLImage.cpp(405): warning C4244: “初始化”: 从“int”转换到“float”，可能丢失数据
GLImage.cpp(417): warning C4267: “初始化”: 从“size_t”转换到“int”，可能丢失数据
GLImage.cpp(464): warning C4244: “=”: 从“double”转换到“int”，可能丢失数据
GLImage.cpp(473): warning C4244: “=”: 从“double”转换到“int”，可能丢失数据
GLImage.cpp(475): warning C4244: “参数”: 从“double”转换到“int”，可能丢失数据
GLImage.cpp(475): warning C4244: “参数”: 从“double”转换到“int”，可能丢失数据
GLImage.cpp(538): warning C4244: “初始化”: 从“double”转换到“float”，可能丢失数据
GLImage.cpp(538): warning C4244: “初始化”: 从“double”转换到“float”，可能丢失数据
GLImage.cpp(538): warning C4244: “初始化”: 从“int”转换到“float”，可能丢失数据
GLImage.cpp(539): warning C4244: “初始化”: 从“double”转换到“float”，可能丢失数据
GLImage.cpp(539): warning C4244: “初始化”: 从“double”转换到“float”，可能丢失数据
GLImage.cpp(539): warning C4244: “初始化”: 从“int”转换到“float”，可能丢失数据
GLImage.cpp(540): warning C4244: “初始化”: 从“double”转换到“float”，可能丢失数据
GLImage.cpp(540): warning C4244: “初始化”: 从“double”转换到“float”，可能丢失数据
GLImage.cpp(540): warning C4244: “初始化”: 从“int”转换到“float”，可能丢失数据
GLImage.cpp(541): warning C4244: “初始化”: 从“double”转换到“float”，可能丢失数据
GLImage.cpp(541): warning C4244: “初始化”: 从“double”转换到“float”，可能丢失数据
GLImage.cpp(541): warning C4244: “初始化”: 从“int”转换到“float”，可能丢失数据
GLImage.cpp(554): warning C4267: “初始化”: 从“size_t”转换到“int”，可能丢失数据
GLImage.cpp(614): warning C4244: “=”: 从“double”转换到“int”，可能丢失数据
GLImage.cpp(623): warning C4244: “=”: 从“double”转换到“int”，可能丢失数据
GLImage.cpp(625): warning C4244: “参数”: 从“double”转换到“int”，可能丢失数据
GLImage.cpp(628): warning C4244: “参数”: 从“double”转换到“int”，可能丢失数据
GLImage.cpp(628): warning C4244: “参数”: 从“double”转换到“int”，可能丢失数据
GLImage.cpp(642): warning C4018: “<”: 有符号/无符号不匹配
GLImage.cpp(644): warning C4244: “=”: 从“double”转换到“BYTE”，可能丢失数据
GLImage.cpp(650): warning C4244: “初始化”: 从“const double”转换到“int”，可能丢失数据
GLImage.cpp(651): warning C4244: “初始化”: 从“const double”转换到“int”，可能丢失数据
GLImage.cpp(652): warning C4244: “初始化”: 从“const double”转换到“int”，可能丢失数据
GLImage.cpp(653): warning C4244: “初始化”: 从“const double”转换到“int”，可能丢失数据
GLImage.cpp(662): warning C4244: “初始化”: 从“const double”转换到“int”，可能丢失数据
GLImage.cpp(663): warning C4244: “初始化”: 从“const double”转换到“int”，可能丢失数据
GLImage.cpp(677): warning C4018: “<”: 有符号/无符号不匹配
GLImage.cpp(679): warning C4244: “=”: 从“double”转换到“BYTE”，可能丢失数据
GLImage.cpp(732): warning C4244: “初始化”: 从“double”转换到“float”，可能丢失数据
GLImage.cpp(732): warning C4244: “初始化”: 从“double”转换到“float”，可能丢失数据
GLImage.cpp(732): warning C4244: “初始化”: 从“int”转换到“float”，可能丢失数据
GLImage.cpp(733): warning C4244: “初始化”: 从“double”转换到“float”，可能丢失数据
GLImage.cpp(733): warning C4244: “初始化”: 从“double”转换到“float”，可能丢失数据
GLImage.cpp(733): warning C4244: “初始化”: 从“int”转换到“float”，可能丢失数据
GLImage.cpp(734): warning C4244: “初始化”: 从“double”转换到“float”，可能丢失数据
GLImage.cpp(734): warning C4244: “初始化”: 从“double”转换到“float”，可能丢失数据
GLImage.cpp(734): warning C4244: “初始化”: 从“int”转换到“float”，可能丢失数据
GLImage.cpp(735): warning C4244: “初始化”: 从“double”转换到“float”，可能丢失数据
GLImage.cpp(735): warning C4244: “初始化”: 从“double”转换到“float”，可能丢失数据
GLImage.cpp(735): warning C4244: “初始化”: 从“int”转换到“float”，可能丢失数据
GLImage.cpp(906): warning C4244: “初始化”: 从“double”转换到“int”，可能丢失数据
GLImage.cpp(1017): warning C4267: “初始化”: 从“size_t”转换到“int”，可能丢失数据
GLImage.cpp(1044): warning C4267: “return”: 从“size_t”转换到“int”，可能丢失数据
GLImage.cpp(1102): warning C4018: “<”: 有符号/无符号不匹配
     正在创建库 E:\Processing_Project\DOMRectify2\DOMRectify\DOMSolution\lib\Debug\x64\GLImage.lib 和对象 E:\Processing_Project\DOMRectify2\DOMRectify\DOMSolution\lib\Debug\x64\GLImage.exp
  GLImage.vcxproj -> E:\Processing_Project\DOMRectify2\DOMRectify\DOMSolution\bin\Debug\x64\GLImage.dll
     正在创建库 E:\Processing_Project\DOMRectify2\DOMRectify\DOMSolution\lib\Debug\x64\GLImage.lib 和对象 E:\Processing_Project\DOMRectify2\DOMRectify\DOMSolution\lib\Debug\x64\GLImage.exp
  GLImage.vcxproj -> E:\Processing_Project\DOMRectify2\DOMRectify\DOMSolution\bin\Debug\x64\GLImage.dll
  已复制         1 个文件。
